
**** Build of configuration Debug for project morsecode ****

"C:\\ti\\ccsv8\\utils\\bin\\gmake" -k -j 2 all -O 
 
Building file: "../src/main.c"
Invoking: MSP430 Compiler
"C:/ti/ccsv8/tools/compiler/ti-cgt-msp430_18.1.3.LTS/bin/cl430" -vmspx --data_model=restricted --use_hw_mpy=F5 --include_path="C:/ti/ccsv8/ccs_base/msp430/include" --include_path="C:/Users/markus/workspace_v8/morsecode" --include_path="C:/ti/ccsv8/tools/compiler/ti-cgt-msp430_18.1.3.LTS/include" --advice:power="all" --advice:hw_config=all --define=__MSP430FR6989__ --define=_MPU_ENABLE -g --printf_support=minimal --diag_warning=225 --diag_wrap=off --display_error_number --silicon_errata=CPU21 --silicon_errata=CPU22 --silicon_errata=CPU40 --preproc_with_compile --preproc_dependency="src/main.d_raw" --obj_directory="src"  "../src/main.c"
"../src/main.c", line 34: remark #1530-D: (ULP 5.1) Detected divide operation(s). Recommend moving them to RAM during run time or not using as these are processing/power intensive
"../src/main.c", line 35: remark #1530-D: (ULP 5.1) Detected divide operation(s). Recommend moving them to RAM during run time or not using as these are processing/power intensive
"../src/main.c", line 42: remark #2553-D: (ULP 14.1) Array index (involving "signCount") of type "int". Recommend using "unsigned int"
"../src/main.c", line 50: remark #2553-D: (ULP 14.1) Array index (involving "signCount") of type "int". Recommend using "unsigned int"
"../src/main.c", line 42: remark #2553-D: (ULP 14.1) Array index (involving "signCount") of type "int". Recommend using "unsigned int"
"../src/main.c", line 50: remark #2553-D: (ULP 14.1) Array index (involving "signCount") of type "int". Recommend using "unsigned int"
"../src/main.c", line 42: remark #2553-D: (ULP 14.1) Array index (involving "signCount") of type "int". Recommend using "unsigned int"
"../src/main.c", line 50: remark #2553-D: (ULP 14.1) Array index (involving "signCount") of type "int". Recommend using "unsigned int"
"../src/main.c", line 81: remark #1544-D: (ULP 13.1) Detected loop counting up. Recommend loops count down as detecting zeros is easier
"../src/main.c", line 83: remark #2553-D: (ULP 14.1) Array index (involving "i") of type "int". Recommend using "unsigned int"
"../src/main.c", line 97: remark #1538-D: (ULP 10.1) ISR TimerA0_ISR calls function handleInput. Recommend moving function call away from ISR, or inlining the function, or using pragmas
"../src/main.c", line 101: remark #1538-D: (ULP 10.1) ISR TimerA0_ISR calls function checkInput. Recommend moving function call away from ISR, or inlining the function, or using pragmas
"../src/main.c", line 105: remark #1538-D: (ULP 10.1) ISR TimerA0_ISR calls function checkSuccess. Recommend moving function call away from ISR, or inlining the function, or using pragmas
"../src/main.c", line 109: remark #1538-D: (ULP 10.1) ISR TimerA0_ISR calls function checkFailure. Recommend moving function call away from ISR, or inlining the function, or using pragmas
"../src/main.c", line 143: warning #112-D: statement is unreachable
"../src/main.c", line 141: remark #1527-D: (ULP 2.1) Detected SW delay loop using empty loop. Recommend using a timer module instead
"..\src\main.h", line 11: remark #1534-D: (ULP 7.1) Detected use of global variable "pressCounter" within one function "handleInput". Recommend placing variable in the function locally
"..\src\main.h", line 12: remark #1534-D: (ULP 7.1) Detected use of global variable "ditDuration" within one function "handleInput". Recommend placing variable in the function locally
"..\src\main.h", line 14: remark #1534-D: (ULP 7.1) Detected use of global variable "percentageOff" within one function "handleInput". Recommend placing variable in the function locally
"..\src\main.h", line 16: remark #1534-D: (ULP 7.1) Detected use of global variable "signCount" within one function "handleInput". Recommend placing variable in the function locally
"../src/main.c", line 34 (col. 30): remark #1531-D: (ULP 5.2) Detected floating point operation(s). Recommend moving them to RAM during run time or not using as these are processing/power intensive
"../src/main.c", line 35 (col. 30): remark #1531-D: (ULP 5.2) Detected floating point operation(s). Recommend moving them to RAM during run time or not using as these are processing/power intensive
"../src/main.c", line 38 (col. 36): remark #1531-D: (ULP 5.2) Detected floating point operation(s). Recommend moving them to RAM during run time or not using as these are processing/power intensive
"../src/main.c", line 39 (col. 36): remark #1531-D: (ULP 5.2) Detected floating point operation(s). Recommend moving them to RAM during run time or not using as these are processing/power intensive
"../src/main.c", line 46 (col. 43): remark #1531-D: (ULP 5.2) Detected floating point operation(s). Recommend moving them to RAM during run time or not using as these are processing/power intensive
"../src/main.c", line 47 (col. 43): remark #1531-D: (ULP 5.2) Detected floating point operation(s). Recommend moving them to RAM during run time or not using as these are processing/power intensive
Finished building: "../src/main.c"
 
Building target: "morsecode.out"
Invoking: MSP430 Linker
"C:/ti/ccsv8/tools/compiler/ti-cgt-msp430_18.1.3.LTS/bin/cl430" -vmspx --data_model=restricted --use_hw_mpy=F5 --advice:power="all" --advice:hw_config=all --define=__MSP430FR6989__ --define=_MPU_ENABLE -g --printf_support=minimal --diag_warning=225 --diag_wrap=off --display_error_number --silicon_errata=CPU21 --silicon_errata=CPU22 --silicon_errata=CPU40 -z -m"morsecode.map" --heap_size=160 --stack_size=160 --cinit_hold_wdt=on -i"C:/ti/ccsv8/ccs_base/msp430/include" -i"C:/ti/ccsv8/ccs_base/msp430/lib/5xx_6xx_FRxx" -i"C:/ti/ccsv8/ccs_base/msp430/lib/FR59xx" -i"C:/ti/ccsv8/tools/compiler/ti-cgt-msp430_18.1.3.LTS/lib" -i"C:/ti/ccsv8/tools/compiler/ti-cgt-msp430_18.1.3.LTS/include" --priority --reread_libs --define=_MPU_ENABLE --diag_wrap=off --display_error_number --warn_sections --xml_link_info="morsecode_linkInfo.xml" --use_hw_mpy=F5 --rom_model -o "morsecode.out" "./src/drivers/buttons.obj" "./src/drivers/led.obj" "./src/hal/gpio.obj" "./src/main.obj" "../lnk_msp430fr6989.cmd"  -llibmpu_init.a -llibmath.a -llibc.a 
<Linking>
remark #10371-D: (ULP 1.1) Detected no uses of low power mode state changing instructions
remark #10372-D: (ULP 4.1) Detected uninitialized Port A in this project. Recommend initializing all unused ports to eliminate wasted current consumption on unused pins.
remark #10372-D: (ULP 4.1) Detected uninitialized Port B in this project. Recommend initializing all unused ports to eliminate wasted current consumption on unused pins.
remark #10372-D: (ULP 4.1) Detected uninitialized Port C in this project. Recommend initializing all unused ports to eliminate wasted current consumption on unused pins.
remark #10372-D: (ULP 4.1) Detected uninitialized Port D in this project. Recommend initializing all unused ports to eliminate wasted current consumption on unused pins.
remark #10372-D: (ULP 4.1) Detected uninitialized Port E in this project. Recommend initializing all unused ports to eliminate wasted current consumption on unused pins.
Finished building target: "morsecode.out"
 

**** Build Finished ****
